<?xml version="1.0" encoding="UTF-8"?>
<robot generator="Robot 6.0.2 (Python 3.10.4 on win32)" generated="20230123 16:07:32.055" rpa="false" schemaversion="3">
<suite id="s1" name="Demo4 Uiselector" source="C:\robot_project\appium_suite\demo4_uiselector.robot">
<test id="s1-t1" name="TC1" line="4">
<kw name="Open Application" library="AppiumLibrary">
<arg>remote_url=http://localhost:4723/wd/hub</arg>
<arg>platformName=android</arg>
<arg>deviceName=oneplus</arg>
<arg>appPackage=org.khanacademy.android</arg>
<arg>appActivity=org.khanacademy.android.ui.library.MainActivity</arg>
<arg>noReset=true</arg>
<doc>Opens a new application to given Appium server.
Capabilities of appium server, Android and iOS,
Please check https://github.com/appium/appium/blob/master/docs/en/writing-running-appium/server-args.md
| *Option*            | *Man.* | *Description*     |
| remote_url          | Yes    | Appium server url |
| alias               | no     | alias             |
| strict_ssl          | No     | allows you to send commands to an invalid certificate host like a self-signed one. |</doc>
<status status="PASS" starttime="20230123 16:07:32.454" endtime="20230123 16:07:58.590"/>
</kw>
<kw name="Set Appium Timeout" library="AppiumLibrary">
<arg>20s</arg>
<doc>Sets the timeout in seconds used by various keywords.</doc>
<status status="PASS" starttime="20230123 16:07:58.590" endtime="20230123 16:07:58.592"/>
</kw>
<kw name="Run Keyword And Ignore Error" library="BuiltIn">
<arg>Wait Until Page Contains Element</arg>
<arg>android=UiSelector().text("Dismiss")</arg>
<doc>Runs the given keyword with the given arguments and ignores possible error.</doc>
<kw name="Wait Until Page Contains Element" library="AppiumLibrary">
<arg>android=UiSelector().text("Dismiss")</arg>
<doc>Waits until element specified with `locator` appears on current page.</doc>
<kw name="Capture Page Screenshot" library="AppiumLibrary">
<doc>Takes a screenshot of the current page and embeds it into the log.</doc>
<msg timestamp="20230123 16:08:10.907" level="FAIL">WebDriverException: Message: An unknown server-side error occurred while processing the command. Original error: Could not proxy command to the remote server. Original error: socket hang up
Stacktrace:
UnknownError: An unknown server-side error occurred while processing the command. Original error: Could not proxy command to the remote server. Original error: socket hang up
    at UIA2Proxy.command (C:\components\Appium-Server-GUI-windows-1.22.3-4\resources\app\node_modules\appium\node_modules\appium-base-driver\lib\jsonwp-proxy\proxy.js:274:13)
    at runMicrotasks (&lt;anonymous&gt;)
    at processTicksAndRejections (internal/process/task_queues.js:97:5)
    at AndroidUiautomator2Driver.commands.getScreenshot (C:\components\Appium-Server-GUI-windows-1.22.3-4\resources\app\node_modules\appium\node_modules\appium-uiautomator2-driver\lib\commands\screenshot.js:14:10)</msg>
<status status="FAIL" starttime="20230123 16:08:10.892" endtime="20230123 16:08:10.921"/>
</kw>
<msg timestamp="20230123 16:08:10.924" level="WARN">Keyword 'Capture Page Screenshot' could not be run on failure: WebDriverException: Message: An unknown server-side error occurred while processing the command. Original error: Could not proxy command to the remote server. Original error: socket hang up
Stacktrace:
UnknownError: An unknown server-side error occurred while processing the command. Original error: Could not proxy command to the remote server. Original error: socket hang up
    at UIA2Proxy.command (C:\components\Appium-Server-GUI-windows-1.22.3-4\resources\app\node_modules\appium\node_modules\appium-base-driver\lib\jsonwp-proxy\proxy.js:274:13)
    at runMicrotasks (&lt;anonymous&gt;)
    at processTicksAndRejections (internal/process/task_queues.js:97:5)
    at AndroidUiautomator2Driver.commands.getScreenshot (C:\components\Appium-Server-GUI-windows-1.22.3-4\resources\app\node_modules\appium\node_modules\appium-uiautomator2-driver\lib\commands\screenshot.js:14:10)</msg>
<msg timestamp="20230123 16:08:10.926" level="FAIL">WebDriverException: Message: An unknown server-side error occurred while processing the command. Original error: Could not proxy command to the remote server. Original error: socket hang up
Stacktrace:
UnknownError: An unknown server-side error occurred while processing the command. Original error: Could not proxy command to the remote server. Original error: socket hang up
    at UIA2Proxy.command (C:\components\Appium-Server-GUI-windows-1.22.3-4\resources\app\node_modules\appium\node_modules\appium-base-driver\lib\jsonwp-proxy\proxy.js:274:13)
    at runMicrotasks (&lt;anonymous&gt;)
    at processTicksAndRejections (internal/process/task_queues.js:97:5)
    at AndroidUiautomator2Driver.helpers.doFindElementOrEls (C:\components\Appium-Server-GUI-windows-1.22.3-4\resources\app\node_modules\appium\node_modules\appium-uiautomator2-driver\lib\commands\find.js:30:12)
    at doFind (C:\components\Appium-Server-GUI-windows-1.22.3-4\resources\app\node_modules\appium\node_modules\appium-android-driver\lib\commands\find.js:36:17)
    at wrappedCondFn (C:\components\Appium-Server-GUI-windows-1.22.3-4\resources\app\node_modules\appium\node_modules\appium-base-driver\lib\basedriver\commands\timeout.js:151:12)
    at spin (C:\components\Appium-Server-GUI-windows-1.22.3-4\resources\app\node_modules\appium\node_modules\asyncbox\lib\asyncbox.js:138:20)
    at waitForCondition (C:\components\Appium-Server-GUI-windows-1.22.3-4\resources\app\node_modules\appium\node_modules\asyncbox\lib\asyncbox.js:155:10)
    at AndroidUiautomator2Driver.implicitWaitForCondition (C:\components\Appium-Server-GUI-windows-1.22.3-4\resources\app\node_modules\appium\node_modules\appium-base-driver\lib\basedriver\commands\timeout.js:153:10)
    at AndroidUiautomator2Driver.findElOrEls (C:\components\Appium-Server-GUI-windows-1.22.3-4\resources\app\node_modules\appium\node_modules\appium-android-driver\lib\commands\find.js:60:5)
    at AndroidUiautomator2Driver.findElOrElsWithProcessing (C:\components\Appium-Server-GUI-windows-1.22.3-4\resources\app\node_modules\appium\node_modules\appium-base-driver\lib\basedriver\commands\find.js:33:12)
    at AndroidUiautomator2Driver.findElements (C:\components\Appium-Server-GUI-windows-1.22.3-4\resources\app\node_modules\appium\node_modules\appium-base-driver\lib\basedriver\commands\find.js:63:10)</msg>
<status status="FAIL" starttime="20230123 16:07:58.594" endtime="20230123 16:08:10.929"/>
</kw>
<status status="PASS" starttime="20230123 16:07:58.593" endtime="20230123 16:08:10.930"/>
</kw>
<kw name="Run Keyword And Ignore Error" library="BuiltIn">
<arg>Click Element</arg>
<arg>android=UiSelector().text("Dismiss")</arg>
<doc>Runs the given keyword with the given arguments and ignores possible error.</doc>
<kw name="Click Element" library="AppiumLibrary">
<arg>android=UiSelector().text("Dismiss")</arg>
<doc>Click element identified by `locator`.</doc>
<msg timestamp="20230123 16:08:10.935" level="INFO">Clicking element 'android=UiSelector().text("Dismiss")'.</msg>
<kw name="Capture Page Screenshot" library="AppiumLibrary">
<doc>Takes a screenshot of the current page and embeds it into the log.</doc>
<msg timestamp="20230123 16:08:10.971" level="FAIL">WebDriverException: Message: An unknown server-side error occurred while processing the command. Original error: Could not proxy command to the remote server. Original error: socket hang up
Stacktrace:
UnknownError: An unknown server-side error occurred while processing the command. Original error: Could not proxy command to the remote server. Original error: socket hang up
    at UIA2Proxy.command (C:\components\Appium-Server-GUI-windows-1.22.3-4\resources\app\node_modules\appium\node_modules\appium-base-driver\lib\jsonwp-proxy\proxy.js:274:13)
    at runMicrotasks (&lt;anonymous&gt;)
    at processTicksAndRejections (internal/process/task_queues.js:97:5)
    at AndroidUiautomator2Driver.commands.getScreenshot (C:\components\Appium-Server-GUI-windows-1.22.3-4\resources\app\node_modules\appium\node_modules\appium-uiautomator2-driver\lib\commands\screenshot.js:14:10)</msg>
<status status="FAIL" starttime="20230123 16:08:10.954" endtime="20230123 16:08:10.976"/>
</kw>
<msg timestamp="20230123 16:08:10.980" level="WARN">Keyword 'Capture Page Screenshot' could not be run on failure: WebDriverException: Message: An unknown server-side error occurred while processing the command. Original error: Could not proxy command to the remote server. Original error: socket hang up
Stacktrace:
UnknownError: An unknown server-side error occurred while processing the command. Original error: Could not proxy command to the remote server. Original error: socket hang up
    at UIA2Proxy.command (C:\components\Appium-Server-GUI-windows-1.22.3-4\resources\app\node_modules\appium\node_modules\appium-base-driver\lib\jsonwp-proxy\proxy.js:274:13)
    at runMicrotasks (&lt;anonymous&gt;)
    at processTicksAndRejections (internal/process/task_queues.js:97:5)
    at AndroidUiautomator2Driver.commands.getScreenshot (C:\components\Appium-Server-GUI-windows-1.22.3-4\resources\app\node_modules\appium\node_modules\appium-uiautomator2-driver\lib\commands\screenshot.js:14:10)</msg>
<msg timestamp="20230123 16:08:10.981" level="FAIL">WebDriverException: Message: An unknown server-side error occurred while processing the command. Original error: Could not proxy command to the remote server. Original error: socket hang up
Stacktrace:
UnknownError: An unknown server-side error occurred while processing the command. Original error: Could not proxy command to the remote server. Original error: socket hang up
    at UIA2Proxy.command (C:\components\Appium-Server-GUI-windows-1.22.3-4\resources\app\node_modules\appium\node_modules\appium-base-driver\lib\jsonwp-proxy\proxy.js:274:13)
    at runMicrotasks (&lt;anonymous&gt;)
    at processTicksAndRejections (internal/process/task_queues.js:97:5)
    at AndroidUiautomator2Driver.helpers.doFindElementOrEls (C:\components\Appium-Server-GUI-windows-1.22.3-4\resources\app\node_modules\appium\node_modules\appium-uiautomator2-driver\lib\commands\find.js:30:12)
    at doFind (C:\components\Appium-Server-GUI-windows-1.22.3-4\resources\app\node_modules\appium\node_modules\appium-android-driver\lib\commands\find.js:36:17)
    at wrappedCondFn (C:\components\Appium-Server-GUI-windows-1.22.3-4\resources\app\node_modules\appium\node_modules\appium-base-driver\lib\basedriver\commands\timeout.js:151:12)
    at spin (C:\components\Appium-Server-GUI-windows-1.22.3-4\resources\app\node_modules\appium\node_modules\asyncbox\lib\asyncbox.js:138:20)
    at waitForCondition (C:\components\Appium-Server-GUI-windows-1.22.3-4\resources\app\node_modules\appium\node_modules\asyncbox\lib\asyncbox.js:155:10)
    at AndroidUiautomator2Driver.implicitWaitForCondition (C:\components\Appium-Server-GUI-windows-1.22.3-4\resources\app\node_modules\appium\node_modules\appium-base-driver\lib\basedriver\commands\timeout.js:153:10)
    at AndroidUiautomator2Driver.findElOrEls (C:\components\Appium-Server-GUI-windows-1.22.3-4\resources\app\node_modules\appium\node_modules\appium-android-driver\lib\commands\find.js:60:5)
    at AndroidUiautomator2Driver.findElOrElsWithProcessing (C:\components\Appium-Server-GUI-windows-1.22.3-4\resources\app\node_modules\appium\node_modules\appium-base-driver\lib\basedriver\commands\find.js:33:12)
    at AndroidUiautomator2Driver.findElements (C:\components\Appium-Server-GUI-windows-1.22.3-4\resources\app\node_modules\appium\node_modules\appium-base-driver\lib\basedriver\commands\find.js:63:10)</msg>
<status status="FAIL" starttime="20230123 16:08:10.931" endtime="20230123 16:08:10.985"/>
</kw>
<status status="PASS" starttime="20230123 16:08:10.930" endtime="20230123 16:08:10.985"/>
</kw>
<kw name="Wait Until Page Contains Element" library="AppiumLibrary">
<arg>android=UiSelector().description("Settings")</arg>
<doc>Waits until element specified with `locator` appears on current page.</doc>
<kw name="Capture Page Screenshot" library="AppiumLibrary">
<doc>Takes a screenshot of the current page and embeds it into the log.</doc>
<msg timestamp="20230123 16:08:11.022" level="FAIL">WebDriverException: Message: An unknown server-side error occurred while processing the command. Original error: Could not proxy command to the remote server. Original error: socket hang up
Stacktrace:
UnknownError: An unknown server-side error occurred while processing the command. Original error: Could not proxy command to the remote server. Original error: socket hang up
    at UIA2Proxy.command (C:\components\Appium-Server-GUI-windows-1.22.3-4\resources\app\node_modules\appium\node_modules\appium-base-driver\lib\jsonwp-proxy\proxy.js:274:13)
    at runMicrotasks (&lt;anonymous&gt;)
    at processTicksAndRejections (internal/process/task_queues.js:97:5)
    at AndroidUiautomator2Driver.commands.getScreenshot (C:\components\Appium-Server-GUI-windows-1.22.3-4\resources\app\node_modules\appium\node_modules\appium-uiautomator2-driver\lib\commands\screenshot.js:14:10)</msg>
<status status="FAIL" starttime="20230123 16:08:11.004" endtime="20230123 16:08:11.025"/>
</kw>
<msg timestamp="20230123 16:08:11.026" level="WARN">Keyword 'Capture Page Screenshot' could not be run on failure: WebDriverException: Message: An unknown server-side error occurred while processing the command. Original error: Could not proxy command to the remote server. Original error: socket hang up
Stacktrace:
UnknownError: An unknown server-side error occurred while processing the command. Original error: Could not proxy command to the remote server. Original error: socket hang up
    at UIA2Proxy.command (C:\components\Appium-Server-GUI-windows-1.22.3-4\resources\app\node_modules\appium\node_modules\appium-base-driver\lib\jsonwp-proxy\proxy.js:274:13)
    at runMicrotasks (&lt;anonymous&gt;)
    at processTicksAndRejections (internal/process/task_queues.js:97:5)
    at AndroidUiautomator2Driver.commands.getScreenshot (C:\components\Appium-Server-GUI-windows-1.22.3-4\resources\app\node_modules\appium\node_modules\appium-uiautomator2-driver\lib\commands\screenshot.js:14:10)</msg>
<msg timestamp="20230123 16:08:11.026" level="FAIL">WebDriverException: Message: An unknown server-side error occurred while processing the command. Original error: Could not proxy command to the remote server. Original error: socket hang up
Stacktrace:
UnknownError: An unknown server-side error occurred while processing the command. Original error: Could not proxy command to the remote server. Original error: socket hang up
    at UIA2Proxy.command (C:\components\Appium-Server-GUI-windows-1.22.3-4\resources\app\node_modules\appium\node_modules\appium-base-driver\lib\jsonwp-proxy\proxy.js:274:13)
    at runMicrotasks (&lt;anonymous&gt;)
    at processTicksAndRejections (internal/process/task_queues.js:97:5)
    at AndroidUiautomator2Driver.helpers.doFindElementOrEls (C:\components\Appium-Server-GUI-windows-1.22.3-4\resources\app\node_modules\appium\node_modules\appium-uiautomator2-driver\lib\commands\find.js:30:12)
    at doFind (C:\components\Appium-Server-GUI-windows-1.22.3-4\resources\app\node_modules\appium\node_modules\appium-android-driver\lib\commands\find.js:36:17)
    at wrappedCondFn (C:\components\Appium-Server-GUI-windows-1.22.3-4\resources\app\node_modules\appium\node_modules\appium-base-driver\lib\basedriver\commands\timeout.js:151:12)
    at spin (C:\components\Appium-Server-GUI-windows-1.22.3-4\resources\app\node_modules\appium\node_modules\asyncbox\lib\asyncbox.js:138:20)
    at waitForCondition (C:\components\Appium-Server-GUI-windows-1.22.3-4\resources\app\node_modules\appium\node_modules\asyncbox\lib\asyncbox.js:155:10)
    at AndroidUiautomator2Driver.implicitWaitForCondition (C:\components\Appium-Server-GUI-windows-1.22.3-4\resources\app\node_modules\appium\node_modules\appium-base-driver\lib\basedriver\commands\timeout.js:153:10)
    at AndroidUiautomator2Driver.findElOrEls (C:\components\Appium-Server-GUI-windows-1.22.3-4\resources\app\node_modules\appium\node_modules\appium-android-driver\lib\commands\find.js:60:5)
    at AndroidUiautomator2Driver.findElOrElsWithProcessing (C:\components\Appium-Server-GUI-windows-1.22.3-4\resources\app\node_modules\appium\node_modules\appium-base-driver\lib\basedriver\commands\find.js:33:12)
    at AndroidUiautomator2Driver.findElements (C:\components\Appium-Server-GUI-windows-1.22.3-4\resources\app\node_modules\appium\node_modules\appium-base-driver\lib\basedriver\commands\find.js:63:10)</msg>
<status status="FAIL" starttime="20230123 16:08:10.986" endtime="20230123 16:08:11.028"/>
</kw>
<kw name="Click Element" library="AppiumLibrary">
<arg>android=UiSelector().description("Settings")</arg>
<doc>Click element identified by `locator`.</doc>
<status status="NOT RUN" starttime="20230123 16:08:11.028" endtime="20230123 16:08:11.028"/>
</kw>
<kw name="Wait Until Page Contains Element" library="AppiumLibrary">
<arg>android=UiSelector().textContains("Sign i")</arg>
<doc>Waits until element specified with `locator` appears on current page.</doc>
<status status="NOT RUN" starttime="20230123 16:08:11.029" endtime="20230123 16:08:11.029"/>
</kw>
<kw name="Click Element" library="AppiumLibrary">
<arg>android=UiSelector().textContains("Sign i")</arg>
<doc>Click element identified by `locator`.</doc>
<status status="NOT RUN" starttime="20230123 16:08:11.029" endtime="20230123 16:08:11.029"/>
</kw>
<kw name="Wait Until Page Contains Element" library="AppiumLibrary">
<arg>android=UiSelector().textContains("Sign up with")</arg>
<doc>Waits until element specified with `locator` appears on current page.</doc>
<status status="NOT RUN" starttime="20230123 16:08:11.029" endtime="20230123 16:08:11.030"/>
</kw>
<kw name="Click Element" library="AppiumLibrary">
<arg>android=UiSelector().textContains("Sign up with")</arg>
<doc>Click element identified by `locator`.</doc>
<status status="NOT RUN" starttime="20230123 16:08:11.030" endtime="20230123 16:08:11.030"/>
</kw>
<kw name="Wait Until Page Contains Element" library="AppiumLibrary">
<arg>android=UiSelector().text("First name")</arg>
<doc>Waits until element specified with `locator` appears on current page.</doc>
<status status="NOT RUN" starttime="20230123 16:08:11.030" endtime="20230123 16:08:11.030"/>
</kw>
<kw name="Input Text" library="AppiumLibrary">
<arg>android=UiSelector().text("First name")</arg>
<arg>Surya</arg>
<doc>Types the given `text` into text field identified by `locator`.</doc>
<status status="NOT RUN" starttime="20230123 16:08:11.030" endtime="20230123 16:08:11.031"/>
</kw>
<kw name="Wait Until Page Contains Element" library="AppiumLibrary">
<arg>android=UiSelector().text("Last name")</arg>
<doc>Waits until element specified with `locator` appears on current page.</doc>
<status status="NOT RUN" starttime="20230123 16:08:11.031" endtime="20230123 16:08:11.031"/>
</kw>
<kw name="Input Text" library="AppiumLibrary">
<arg>android=UiSelector().text("Last name")</arg>
<arg>Venkatesan</arg>
<doc>Types the given `text` into text field identified by `locator`.</doc>
<status status="NOT RUN" starttime="20230123 16:08:11.031" endtime="20230123 16:08:11.032"/>
</kw>
<kw name="Wait Until Page Contains Element" library="AppiumLibrary">
<arg>android=UiSelector().text("Birthday")</arg>
<doc>Waits until element specified with `locator` appears on current page.</doc>
<status status="NOT RUN" starttime="20230123 16:08:11.032" endtime="20230123 16:08:11.032"/>
</kw>
<kw name="Click Element" library="AppiumLibrary">
<arg>android=UiSelector().text("Birthday")</arg>
<doc>Click element identified by `locator`.</doc>
<status status="NOT RUN" starttime="20230123 16:08:11.032" endtime="20230123 16:08:11.032"/>
</kw>
<kw name="Wait Until Page Contains Element" library="AppiumLibrary">
<arg>android=UiSelector().resourceId("android:id/numberpicker_input").instance(0)</arg>
<doc>Waits until element specified with `locator` appears on current page.</doc>
<status status="NOT RUN" starttime="20230123 16:08:11.032" endtime="20230123 16:08:11.032"/>
</kw>
<kw name="Click Element" library="AppiumLibrary">
<arg>android=UiSelector().resourceId("android:id/numberpicker_input").instance(0)</arg>
<doc>Click element identified by `locator`.</doc>
<status status="NOT RUN" starttime="20230123 16:08:11.032" endtime="20230123 16:08:11.033"/>
</kw>
<kw name="Wait Until Page Contains Element" library="AppiumLibrary">
<arg>android=UiSelector().resourceId("android:id/numberpicker_input").instance(0)</arg>
<doc>Waits until element specified with `locator` appears on current page.</doc>
<status status="NOT RUN" starttime="20230123 16:08:11.033" endtime="20230123 16:08:11.033"/>
</kw>
<kw name="Clear Text" library="AppiumLibrary">
<arg>android=UiSelector().resourceId("android:id/numberpicker_input").instance(0)</arg>
<doc>Clears the text field identified by `locator`.</doc>
<status status="NOT RUN" starttime="20230123 16:08:11.033" endtime="20230123 16:08:11.033"/>
</kw>
<kw name="Wait Until Page Contains Element" library="AppiumLibrary">
<arg>android=UiSelector().resourceId("android:id/numberpicker_input").instance(0)</arg>
<doc>Waits until element specified with `locator` appears on current page.</doc>
<status status="NOT RUN" starttime="20230123 16:08:11.034" endtime="20230123 16:08:11.034"/>
</kw>
<kw name="Input Text" library="AppiumLibrary">
<arg>android=UiSelector().resourceId("android:id/numberpicker_input").instance(0)</arg>
<arg>Jan</arg>
<doc>Types the given `text` into text field identified by `locator`.</doc>
<status status="NOT RUN" starttime="20230123 16:08:11.034" endtime="20230123 16:08:11.034"/>
</kw>
<kw name="Wait Until Page Contains Element" library="AppiumLibrary">
<arg>android=UiSelector().resourceId("android:id/numberpicker_input").instance(1)</arg>
<doc>Waits until element specified with `locator` appears on current page.</doc>
<status status="NOT RUN" starttime="20230123 16:08:11.034" endtime="20230123 16:08:11.035"/>
</kw>
<kw name="Click Element" library="AppiumLibrary">
<arg>android=UiSelector().resourceId("android:id/numberpicker_input").instance(1)</arg>
<doc>Click element identified by `locator`.</doc>
<status status="NOT RUN" starttime="20230123 16:08:11.035" endtime="20230123 16:08:11.035"/>
</kw>
<kw name="Wait Until Page Contains Element" library="AppiumLibrary">
<arg>android=UiSelector().resourceId("android:id/numberpicker_input").instance(1)</arg>
<doc>Waits until element specified with `locator` appears on current page.</doc>
<status status="NOT RUN" starttime="20230123 16:08:11.036" endtime="20230123 16:08:11.037"/>
</kw>
<kw name="Clear Text" library="AppiumLibrary">
<arg>android=UiSelector().resourceId("android:id/numberpicker_input").instance(1)</arg>
<doc>Clears the text field identified by `locator`.</doc>
<status status="NOT RUN" starttime="20230123 16:08:11.037" endtime="20230123 16:08:11.037"/>
</kw>
<kw name="Wait Until Page Contains Element" library="AppiumLibrary">
<arg>android=UiSelector().resourceId("android:id/numberpicker_input").instance(1)</arg>
<doc>Waits until element specified with `locator` appears on current page.</doc>
<status status="NOT RUN" starttime="20230123 16:08:11.038" endtime="20230123 16:08:11.039"/>
</kw>
<kw name="Input Text" library="AppiumLibrary">
<arg>android=UiSelector().resourceId("android:id/numberpicker_input").instance(1)</arg>
<arg>20</arg>
<doc>Types the given `text` into text field identified by `locator`.</doc>
<status status="NOT RUN" starttime="20230123 16:08:11.039" endtime="20230123 16:08:11.040"/>
</kw>
<kw name="Wait Until Page Contains Element" library="AppiumLibrary">
<arg>android=UiSelector().resourceId("android:id/numberpicker_input").instance(2)</arg>
<doc>Waits until element specified with `locator` appears on current page.</doc>
<status status="NOT RUN" starttime="20230123 16:08:11.040" endtime="20230123 16:08:11.041"/>
</kw>
<kw name="Click Element" library="AppiumLibrary">
<arg>android=UiSelector().resourceId("android:id/numberpicker_input").instance(2)</arg>
<doc>Click element identified by `locator`.</doc>
<status status="NOT RUN" starttime="20230123 16:08:11.041" endtime="20230123 16:08:11.042"/>
</kw>
<kw name="Wait Until Page Contains Element" library="AppiumLibrary">
<arg>android=UiSelector().resourceId("android:id/numberpicker_input").instance(2)</arg>
<doc>Waits until element specified with `locator` appears on current page.</doc>
<status status="NOT RUN" starttime="20230123 16:08:11.042" endtime="20230123 16:08:11.042"/>
</kw>
<kw name="Clear Text" library="AppiumLibrary">
<arg>android=UiSelector().resourceId("android:id/numberpicker_input").instance(2)</arg>
<doc>Clears the text field identified by `locator`.</doc>
<status status="NOT RUN" starttime="20230123 16:08:11.042" endtime="20230123 16:08:11.042"/>
</kw>
<kw name="Wait Until Page Contains Element" library="AppiumLibrary">
<arg>android=UiSelector().resourceId("android:id/numberpicker_input").instance(2)</arg>
<doc>Waits until element specified with `locator` appears on current page.</doc>
<status status="NOT RUN" starttime="20230123 16:08:11.043" endtime="20230123 16:08:11.043"/>
</kw>
<kw name="Input Text" library="AppiumLibrary">
<arg>android=UiSelector().resourceId("android:id/numberpicker_input").instance(2)</arg>
<arg>2001</arg>
<doc>Types the given `text` into text field identified by `locator`.</doc>
<status status="NOT RUN" starttime="20230123 16:08:11.043" endtime="20230123 16:08:11.043"/>
</kw>
<kw name="Close Application" library="AppiumLibrary">
<doc>Closes the current application and also close webdriver session.</doc>
<status status="NOT RUN" starttime="20230123 16:08:11.044" endtime="20230123 16:08:11.044"/>
</kw>
<status status="FAIL" starttime="20230123 16:07:32.454" endtime="20230123 16:08:11.045">WebDriverException: Message: An unknown server-side error occurred while processing the command. Original error: Could not proxy command to the remote server. Original error: socket hang up
Stacktrace:
UnknownError: An unknown server-side error occurred while processing the command. Original error: Could not proxy command to the remote server. Original error: socket hang up
    at UIA2Proxy.command (C:\components\Appium-Server-GUI-windows-1.22.3-4\resources\app\node_modules\appium\node_modules\appium-base-driver\lib\jsonwp-proxy\proxy.js:274:13)
    at runMicrotasks (&lt;anonymous&gt;)
    at processTicksAndRejections (internal/process/task_queues.js:97:5)
    at AndroidUiautomator2Driver.helpers.doFindElementOrEls (C:\components\Appium-Server-GUI-windows-1.22.3-4\resources\app\node_modules\appium\node_modules\appium-uiautomator2-driver\lib\commands\find.js:30:12)
    at doFind (C:\components\Appium-Server-GUI-windows-1.22.3-4\resources\app\node_modules\appium\node_modules\appium-android-driver\lib\commands\find.js:36:17)
    at wrappedCondFn (C:\components\Appium-Server-GUI-windows-1.22.3-4\resources\app\node_modules\appium\node_modules\appium-base-driver\lib\basedriver\commands\timeout.js:151:12)
    at spin (C:\components\Appium-Server-GUI-windows-1.22.3-4\resources\app\node_modules\appium\node_modules\asyncbox\lib\asyncbox.js:138:20)
    at waitForCondition (C:\components\Appium-Server-GUI-windows-1.22.3-4\resources\app\node_modules\appium\node_modules\asyncbox\lib\asyncbox.js:155:10)
    at AndroidUiautomator2Driver.implicitWaitForCondition (C:\components\Appium-Server-GUI-windows-1.22.3-4\resources\app\node_modules\appium\node_modules\appium-base-driver\lib\basedriver\commands\timeout.js:153:10)
    at AndroidUiautomator2Driver.findElOrEls (C:\components\Appium-Server-GUI-windows-1.22.3-4\resources\app\node_modules\appium\node_modules\appium-android-driver\lib\commands\find.js:60:5)
    at AndroidUiautomator2Driver.findElOrElsWithProcessing (C:\components\Appium-Server-GUI-windows-1.22.3-4\resources\app\node_modules\appium\node_modules\appium-base-driver\lib\basedriver\commands\find.js:33:12)
    at AndroidUiautomator2Driver.findElements (C:\components\Appium-Server-GUI-windows-1.22.3-4\resources\app\node_modules\appium\node_modules\appium-base-driver\lib\basedriver\commands\find.js:63:10)</status>
</test>
<status status="FAIL" starttime="20230123 16:07:32.060" endtime="20230123 16:08:11.047"/>
</suite>
<statistics>
<total>
<stat pass="0" fail="1" skip="0">All Tests</stat>
</total>
<tag>
</tag>
<suite>
<stat pass="0" fail="1" skip="0" id="s1" name="Demo4 Uiselector">Demo4 Uiselector</stat>
</suite>
</statistics>
<errors>
<msg timestamp="20230123 16:08:10.924" level="WARN">Keyword 'Capture Page Screenshot' could not be run on failure: WebDriverException: Message: An unknown server-side error occurred while processing the command. Original error: Could not proxy command to the remote server. Original error: socket hang up
Stacktrace:
UnknownError: An unknown server-side error occurred while processing the command. Original error: Could not proxy command to the remote server. Original error: socket hang up
    at UIA2Proxy.command (C:\components\Appium-Server-GUI-windows-1.22.3-4\resources\app\node_modules\appium\node_modules\appium-base-driver\lib\jsonwp-proxy\proxy.js:274:13)
    at runMicrotasks (&lt;anonymous&gt;)
    at processTicksAndRejections (internal/process/task_queues.js:97:5)
    at AndroidUiautomator2Driver.commands.getScreenshot (C:\components\Appium-Server-GUI-windows-1.22.3-4\resources\app\node_modules\appium\node_modules\appium-uiautomator2-driver\lib\commands\screenshot.js:14:10)</msg>
<msg timestamp="20230123 16:08:10.980" level="WARN">Keyword 'Capture Page Screenshot' could not be run on failure: WebDriverException: Message: An unknown server-side error occurred while processing the command. Original error: Could not proxy command to the remote server. Original error: socket hang up
Stacktrace:
UnknownError: An unknown server-side error occurred while processing the command. Original error: Could not proxy command to the remote server. Original error: socket hang up
    at UIA2Proxy.command (C:\components\Appium-Server-GUI-windows-1.22.3-4\resources\app\node_modules\appium\node_modules\appium-base-driver\lib\jsonwp-proxy\proxy.js:274:13)
    at runMicrotasks (&lt;anonymous&gt;)
    at processTicksAndRejections (internal/process/task_queues.js:97:5)
    at AndroidUiautomator2Driver.commands.getScreenshot (C:\components\Appium-Server-GUI-windows-1.22.3-4\resources\app\node_modules\appium\node_modules\appium-uiautomator2-driver\lib\commands\screenshot.js:14:10)</msg>
<msg timestamp="20230123 16:08:11.026" level="WARN">Keyword 'Capture Page Screenshot' could not be run on failure: WebDriverException: Message: An unknown server-side error occurred while processing the command. Original error: Could not proxy command to the remote server. Original error: socket hang up
Stacktrace:
UnknownError: An unknown server-side error occurred while processing the command. Original error: Could not proxy command to the remote server. Original error: socket hang up
    at UIA2Proxy.command (C:\components\Appium-Server-GUI-windows-1.22.3-4\resources\app\node_modules\appium\node_modules\appium-base-driver\lib\jsonwp-proxy\proxy.js:274:13)
    at runMicrotasks (&lt;anonymous&gt;)
    at processTicksAndRejections (internal/process/task_queues.js:97:5)
    at AndroidUiautomator2Driver.commands.getScreenshot (C:\components\Appium-Server-GUI-windows-1.22.3-4\resources\app\node_modules\appium\node_modules\appium-uiautomator2-driver\lib\commands\screenshot.js:14:10)</msg>
</errors>
</robot>
