<?xml version="1.0" encoding="UTF-8"?>
<robot generator="Robot 6.0.2 (Python 3.10.4 on win32)" generated="20230124 11:39:48.742" rpa="false" schemaversion="3">
<suite id="s1" name="Demo12 Open  Emr" source="C:\robot_project\selenium_suite\demo12_open _emr.robot">
<test id="s1-t1" name="TC1" line="5">
<kw name="Open Browser" library="SeleniumLibrary">
<arg>browser=chrome</arg>
<doc>Opens a new browser instance to the optional ``url``.</doc>
<msg timestamp="20230124 11:39:49.042" level="INFO">Opening browser 'chrome' to base url 'None'.</msg>
<status status="PASS" starttime="20230124 11:39:49.042" endtime="20230124 11:39:50.925"/>
</kw>
<kw name="Maximize Browser Window" library="SeleniumLibrary">
<doc>Maximizes current browser window.</doc>
<status status="PASS" starttime="20230124 11:39:50.926" endtime="20230124 11:39:51.047"/>
</kw>
<kw name="Set Selenium Implicit Wait" library="SeleniumLibrary">
<arg>30s</arg>
<doc>Sets the implicit wait value used by Selenium.</doc>
<status status="PASS" starttime="20230124 11:39:51.047" endtime="20230124 11:39:51.049"/>
</kw>
<kw name="Go To" library="SeleniumLibrary">
<arg>url=http://demo.openemr.io/b/openemr/</arg>
<doc>Navigates the current browser window to the provided ``url``.</doc>
<msg timestamp="20230124 11:39:51.051" level="INFO">Opening url 'http://demo.openemr.io/b/openemr/'</msg>
<status status="PASS" starttime="20230124 11:39:51.049" endtime="20230124 11:39:58.045"/>
</kw>
<kw name="Input Text" library="SeleniumLibrary">
<arg>id=authUser</arg>
<arg>admin</arg>
<doc>Types the given ``text`` into the text field identified by ``locator``.</doc>
<msg timestamp="20230124 11:39:58.046" level="INFO">Typing text 'admin' into text field 'id=authUser'.</msg>
<status status="PASS" starttime="20230124 11:39:58.045" endtime="20230124 11:39:58.140"/>
</kw>
<kw name="Input Password" library="SeleniumLibrary">
<arg>id=clearPass</arg>
<arg>pass</arg>
<doc>Types the given password into the text field identified by ``locator``.</doc>
<msg timestamp="20230124 11:39:58.143" level="INFO">Typing password into text field 'id=clearPass'.</msg>
<msg timestamp="20230124 11:39:58.199" level="INFO">Temporally setting log level to: NONE</msg>
<msg timestamp="20230124 11:39:58.252" level="INFO">Log level changed from NONE to INFO.</msg>
<status status="PASS" starttime="20230124 11:39:58.141" endtime="20230124 11:39:58.252"/>
</kw>
<kw name="Click Element" library="SeleniumLibrary">
<arg>class=form-control</arg>
<doc>Click the element identified by ``locator``.</doc>
<msg timestamp="20230124 11:39:58.252" level="INFO">Clicking element 'class=form-control'.</msg>
<status status="PASS" starttime="20230124 11:39:58.252" endtime="20230124 11:39:58.306"/>
</kw>
<kw name="Select From List By Label" library="SeleniumLibrary">
<arg>xpath=//select[@class='form-control']</arg>
<arg>English (Indian)</arg>
<doc>Selects options from selection list ``locator`` by ``labels``.</doc>
<msg timestamp="20230124 11:39:58.307" level="INFO">Selecting options from selection list 'xpath=//select[@class='form-control']' by label English (Indian).</msg>
<status status="PASS" starttime="20230124 11:39:58.306" endtime="20230124 11:39:58.403"/>
</kw>
<kw name="Click Element" library="SeleniumLibrary">
<arg>id=login-button</arg>
<doc>Click the element identified by ``locator``.</doc>
<msg timestamp="20230124 11:39:58.404" level="INFO">Clicking element 'id=login-button'.</msg>
<status status="PASS" starttime="20230124 11:39:58.403" endtime="20230124 11:40:03.890"/>
</kw>
<kw name="Click Element" library="SeleniumLibrary">
<arg>xpath=//div[text()='Patient']</arg>
<doc>Click the element identified by ``locator``.</doc>
<msg timestamp="20230124 11:40:03.892" level="INFO">Clicking element 'xpath=//div[text()='Patient']'.</msg>
<status status="PASS" starttime="20230124 11:40:03.891" endtime="20230124 11:40:03.955"/>
</kw>
<kw name="Click Element" library="SeleniumLibrary">
<arg>xpath=//div[text()='New/Search']</arg>
<doc>Click the element identified by ``locator``.</doc>
<msg timestamp="20230124 11:40:03.957" level="INFO">Clicking element 'xpath=//div[text()='New/Search']'.</msg>
<status status="PASS" starttime="20230124 11:40:03.956" endtime="20230124 11:40:04.032"/>
</kw>
<kw name="Select Frame" library="SeleniumLibrary">
<arg>xpath=//iframe[@name='pat']</arg>
<doc>Sets frame identified by ``locator`` as the current frame.</doc>
<msg timestamp="20230124 11:40:04.033" level="INFO">Selecting frame 'xpath=//iframe[@name='pat']'.</msg>
<status status="PASS" starttime="20230124 11:40:04.032" endtime="20230124 11:40:05.503"/>
</kw>
<kw name="Input Text" library="SeleniumLibrary">
<arg>name=form_fname</arg>
<arg>Surya</arg>
<doc>Types the given ``text`` into the text field identified by ``locator``.</doc>
<msg timestamp="20230124 11:40:05.505" level="INFO">Typing text 'Surya' into text field 'name=form_fname'.</msg>
<status status="PASS" starttime="20230124 11:40:05.504" endtime="20230124 11:40:05.756"/>
</kw>
<kw name="Click Element" library="SeleniumLibrary">
<arg>name=form_lname</arg>
<doc>Click the element identified by ``locator``.</doc>
<msg timestamp="20230124 11:40:05.758" level="INFO">Clicking element 'name=form_lname'.</msg>
<status status="PASS" starttime="20230124 11:40:05.756" endtime="20230124 11:40:05.999"/>
</kw>
<kw name="Input Text" library="SeleniumLibrary">
<arg>name=form_lname</arg>
<arg>Venkatesan</arg>
<doc>Types the given ``text`` into the text field identified by ``locator``.</doc>
<msg timestamp="20230124 11:40:06.001" level="INFO">Typing text 'Venkatesan' into text field 'name=form_lname'.</msg>
<status status="PASS" starttime="20230124 11:40:06.000" endtime="20230124 11:40:06.195"/>
</kw>
<kw name="Click Element" library="SeleniumLibrary">
<arg>name=form_DOB</arg>
<doc>Click the element identified by ``locator``.</doc>
<msg timestamp="20230124 11:40:06.196" level="INFO">Clicking element 'name=form_DOB'.</msg>
<status status="PASS" starttime="20230124 11:40:06.195" endtime="20230124 11:40:06.311"/>
</kw>
<kw name="Input Text" library="SeleniumLibrary">
<arg>xpath=//input[@id='form_DOB']</arg>
<arg>24-01-2023</arg>
<doc>Types the given ``text`` into the text field identified by ``locator``.</doc>
<msg timestamp="20230124 11:40:06.314" level="INFO">Typing text '24-01-2023' into text field 'xpath=//input[@id='form_DOB']'.</msg>
<status status="PASS" starttime="20230124 11:40:06.312" endtime="20230124 11:40:06.575"/>
</kw>
<kw name="Click Element" library="SeleniumLibrary">
<arg>id=form_sex</arg>
<doc>Click the element identified by ``locator``.</doc>
<msg timestamp="20230124 11:40:06.575" level="INFO">Clicking element 'id=form_sex'.</msg>
<status status="PASS" starttime="20230124 11:40:06.575" endtime="20230124 11:40:06.724"/>
</kw>
<kw name="Click Element" library="SeleniumLibrary">
<arg>xpath=//option[text()='Female']</arg>
<doc>Click the element identified by ``locator``.</doc>
<msg timestamp="20230124 11:40:06.725" level="INFO">Clicking element 'xpath=//option[text()='Female']'.</msg>
<status status="PASS" starttime="20230124 11:40:06.724" endtime="20230124 11:40:06.805"/>
</kw>
<kw name="Click Element" library="SeleniumLibrary">
<arg>name=create</arg>
<doc>Click the element identified by ``locator``.</doc>
<msg timestamp="20230124 11:40:06.807" level="INFO">Clicking element 'name=create'.</msg>
<status status="PASS" starttime="20230124 11:40:06.806" endtime="20230124 11:40:07.016"/>
</kw>
<kw name="Unselect Frame" library="SeleniumLibrary">
<doc>Sets the main frame as the current frame.</doc>
<status status="PASS" starttime="20230124 11:40:07.017" endtime="20230124 11:40:07.022"/>
</kw>
<kw name="Select Frame" library="SeleniumLibrary">
<arg>xpath=//iframe[@id='modalframe']</arg>
<doc>Sets frame identified by ``locator`` as the current frame.</doc>
<msg timestamp="20230124 11:40:07.024" level="INFO">Selecting frame 'xpath=//iframe[@id='modalframe']'.</msg>
<status status="PASS" starttime="20230124 11:40:07.023" endtime="20230124 11:40:07.866"/>
</kw>
<kw name="Click Element" library="SeleniumLibrary">
<arg>xpath=//input[@value='Confirm Create New Patient']</arg>
<doc>Click the element identified by ``locator``.</doc>
<msg timestamp="20230124 11:40:07.867" level="INFO">Clicking element 'xpath=//input[@value='Confirm Create New Patient']'.</msg>
<status status="PASS" starttime="20230124 11:40:07.866" endtime="20230124 11:40:07.983"/>
</kw>
<kw name="Handle Alert" library="SeleniumLibrary">
<var>${alert_text}</var>
<arg>action=ACCEPT</arg>
<arg>timeout=30s</arg>
<doc>Handles the current alert and returns its message.</doc>
<msg timestamp="20230124 11:40:07.987" level="INFO">HANDLE::&lt;class 'datetime.timedelta'&gt;::0:00:30</msg>
<msg timestamp="20230124 11:40:13.638" level="INFO">${alert_text} = New Due Clinical Reminders  Assessment: Tobacco  (See the Clinical Reminders widget for more details)</msg>
<status status="PASS" starttime="20230124 11:40:07.984" endtime="20230124 11:40:13.638"/>
</kw>
<kw name="Log To Console" library="BuiltIn">
<arg>${alert_text}</arg>
<doc>Logs the given message to the console.</doc>
<status status="PASS" starttime="20230124 11:40:13.638" endtime="20230124 11:40:13.639"/>
</kw>
<kw name="Unselect Frame" library="SeleniumLibrary">
<doc>Sets the main frame as the current frame.</doc>
<status status="PASS" starttime="20230124 11:40:13.640" endtime="20230124 11:40:13.647"/>
</kw>
<kw name="Click Element" library="SeleniumLibrary">
<arg>class=closeDlgIframe</arg>
<doc>Click the element identified by ``locator``.</doc>
<msg timestamp="20230124 11:40:13.650" level="INFO">Clicking element 'class=closeDlgIframe'.</msg>
<status status="PASS" starttime="20230124 11:40:13.648" endtime="20230124 11:40:13.720"/>
</kw>
<kw name="Element Should Contain" library="SeleniumLibrary">
<arg>xpath=//span[text()='Surya Venkatesan']</arg>
<arg>Surya Venkatesan</arg>
<doc>Verifies that element ``locator`` contains text ``expected``.</doc>
<msg timestamp="20230124 11:40:13.761" level="INFO">Element 'xpath=//span[text()='Surya Venkatesan']' contains text 'Surya Venkatesan'.</msg>
<status status="PASS" starttime="20230124 11:40:13.720" endtime="20230124 11:40:13.762"/>
</kw>
<kw name="Sleep" library="BuiltIn">
<arg>5s</arg>
<doc>Pauses the test executed for the given time.</doc>
<msg timestamp="20230124 11:40:18.779" level="INFO">Slept 5 seconds</msg>
<status status="PASS" starttime="20230124 11:40:13.763" endtime="20230124 11:40:18.779"/>
</kw>
<kw name="Close Browser" library="SeleniumLibrary">
<doc>Closes the current browser.</doc>
<status status="PASS" starttime="20230124 11:40:18.779" endtime="20230124 11:40:21.056"/>
</kw>
<status status="PASS" starttime="20230124 11:39:49.042" endtime="20230124 11:40:21.056"/>
</test>
<status status="PASS" starttime="20230124 11:39:48.746" endtime="20230124 11:40:21.056"/>
</suite>
<statistics>
<total>
<stat pass="1" fail="0" skip="0">All Tests</stat>
</total>
<tag>
</tag>
<suite>
<stat pass="1" fail="0" skip="0" id="s1" name="Demo12 Open  Emr">Demo12 Open  Emr</stat>
</suite>
</statistics>
<errors>
</errors>
</robot>
