<?xml version="1.0" encoding="UTF-8"?>
<robot generator="Robot 6.0.2 (Python 3.10.4 on win32)" generated="20230127 11:32:59.798" rpa="false" schemaversion="3">
<suite id="s1" name="Demo1" source="C:\robot_project\api_suite\demo1.robot">
<test id="s1-t1" name="TC1 Get Pet" line="4">
<kw name="Create Session" library="RequestsLibrary">
<arg>alias=petshop</arg>
<arg>url=https://petstore.swagger.io/v2</arg>
<doc>Create Session: create a HTTP session to a server</doc>
<msg timestamp="20230127 11:32:59.973" level="INFO">Creating Session using : alias=petshop, url=https://petstore.swagger.io/v2, headers={},                     cookies={}, auth=None, timeout=None, proxies=None, verify=False,                     debug=0 </msg>
<status status="PASS" starttime="20230127 11:32:59.973" endtime="20230127 11:32:59.977"/>
</kw>
<kw name="GET On Session" library="RequestsLibrary">
<var>${response}</var>
<arg>alias=petshop</arg>
<arg>url=pet/101</arg>
<doc>Sends a GET request on a previously created HTTP Session.</doc>
<msg timestamp="20230127 11:33:00.901" level="INFO">GET Request : url=https://petstore.swagger.io/v2/pet/101 
 path_url=/v2/pet/101 
 headers={'User-Agent': 'python-requests/2.28.2', 'Accept-Encoding': 'gzip, deflate', 'Accept': '*/*', 'Connection': 'keep-alive'} 
 body=None 
 </msg>
<msg timestamp="20230127 11:33:00.901" level="INFO">GET Response : url=https://petstore.swagger.io/v2/pet/101 
 status=200, reason=OK 
 headers={'Date': 'Fri, 27 Jan 2023 06:03:00 GMT', 'Content-Type': 'application/json', 'Transfer-Encoding': 'chunked', 'Connection': 'keep-alive', 'Access-Control-Allow-Origin': '*', 'Access-Control-Allow-Methods': 'GET, POST, DELETE, PUT', 'Access-Control-Allow-Headers': 'Content-Type, api_key, Authorization', 'Server': 'Jetty(9.2.9.v20150224)'} 
 body={"id":101,"category":{"id":0,"name":"string"},"name":"doggie","photoUrls":["string"],"tags":[{"id":0,"name":"string"}],"status":"available"} 
 </msg>
<msg timestamp="20230127 11:33:00.901" level="INFO">C:\Users\40032116\AppData\Local\Programs\Python\Python310\lib\site-packages\urllib3\connectionpool.py:1045: InsecureRequestWarning: Unverified HTTPS request is being made to host 'petstore.swagger.io'. Adding certificate verification is strongly advised. See: https://urllib3.readthedocs.io/en/1.26.x/advanced-usage.html#ssl-warnings
  warnings.warn(</msg>
<msg timestamp="20230127 11:33:00.901" level="INFO">${response} = &lt;Response [200]&gt;</msg>
<status status="PASS" starttime="20230127 11:32:59.977" endtime="20230127 11:33:00.901"/>
</kw>
<kw name="Log" library="BuiltIn">
<arg>${response}</arg>
<doc>Logs the given message with the given level.</doc>
<msg timestamp="20230127 11:33:00.916" level="INFO">&lt;Response [200]&gt;</msg>
<status status="PASS" starttime="20230127 11:33:00.901" endtime="20230127 11:33:00.916"/>
</kw>
<kw name="Log" library="BuiltIn">
<arg>${response.json()}</arg>
<doc>Logs the given message with the given level.</doc>
<msg timestamp="20230127 11:33:00.916" level="INFO">{'id': 101, 'category': {'id': 0, 'name': 'string'}, 'name': 'doggie', 'photoUrls': ['string'], 'tags': [{'id': 0, 'name': 'string'}], 'status': 'available'}</msg>
<status status="PASS" starttime="20230127 11:33:00.916" endtime="20230127 11:33:00.916"/>
</kw>
<kw name="Log" library="BuiltIn">
<arg>${response.json()}[id]</arg>
<doc>Logs the given message with the given level.</doc>
<msg timestamp="20230127 11:33:00.916" level="INFO">101</msg>
<status status="PASS" starttime="20230127 11:33:00.916" endtime="20230127 11:33:00.916"/>
</kw>
<kw name="Convert To Integer" library="BuiltIn">
<var>${expected_id}</var>
<arg>101</arg>
<doc>Converts the given item to an integer number.</doc>
<msg timestamp="20230127 11:33:00.916" level="INFO">${expected_id} = 101</msg>
<status status="PASS" starttime="20230127 11:33:00.916" endtime="20230127 11:33:00.916"/>
</kw>
<kw name="Should Be Equal" library="BuiltIn">
<arg>${response.json()}[id]</arg>
<arg>${expected_id}</arg>
<doc>Fails if the given objects are unequal.</doc>
<status status="PASS" starttime="20230127 11:33:00.916" endtime="20230127 11:33:00.916"/>
</kw>
<kw name="Log" library="BuiltIn">
<arg>${response.json()}[name]</arg>
<doc>Logs the given message with the given level.</doc>
<msg timestamp="20230127 11:33:00.916" level="INFO">doggie</msg>
<status status="PASS" starttime="20230127 11:33:00.916" endtime="20230127 11:33:00.916"/>
</kw>
<kw name="Should Be Equal" library="BuiltIn">
<arg>${response.json()}[name]</arg>
<arg>doggie</arg>
<doc>Fails if the given objects are unequal.</doc>
<status status="PASS" starttime="20230127 11:33:00.916" endtime="20230127 11:33:00.916"/>
</kw>
<kw name="Status Should Be" library="RequestsLibrary">
<arg>200</arg>
<doc>Fails if response status code is different than the expected.</doc>
<status status="PASS" starttime="20230127 11:33:00.916" endtime="20230127 11:33:00.916"/>
</kw>
<status status="PASS" starttime="20230127 11:32:59.971" endtime="20230127 11:33:00.916"/>
</test>
<status status="PASS" starttime="20230127 11:32:59.798" endtime="20230127 11:33:00.916"/>
</suite>
<statistics>
<total>
<stat pass="1" fail="0" skip="0">All Tests</stat>
</total>
<tag>
</tag>
<suite>
<stat pass="1" fail="0" skip="0" id="s1" name="Demo1">Demo1</stat>
</suite>
</statistics>
<errors>
</errors>
</robot>
