<?xml version="1.0" encoding="UTF-8"?>
<robot generator="Robot 6.0.2 (Python 3.10.4 on win32)" generated="20230120 17:40:51.209" rpa="false" schemaversion="3">
<suite id="s1" name="Demo1 App Launch" source="C:\robot_project\appium_suite\demo1_app_launch.robot">
<test id="s1-t1" name="TC2" line="14">
<kw name="Open Application" library="AppiumLibrary">
<arg>remote_url=http://localhost:4723/wd/hub</arg>
<arg>platformName=android</arg>
<arg>deviceName=oneplus</arg>
<arg>app=C:${/}components${/}khan-academy-7-3-2.apk</arg>
<doc>Opens a new application to given Appium server.
Capabilities of appium server, Android and iOS,
Please check https://github.com/appium/appium/blob/master/docs/en/writing-running-appium/server-args.md
| *Option*            | *Man.* | *Description*     |
| remote_url          | Yes    | Appium server url |
| alias               | no     | alias             |
| strict_ssl          | No     | allows you to send commands to an invalid certificate host like a self-signed one. |</doc>
<status status="PASS" starttime="20230120 17:40:51.640" endtime="20230120 17:41:03.000"/>
</kw>
<kw name="Wait Until Page Contains Element" library="AppiumLibrary">
<arg>xpath=//*[@text='Dismiss']</arg>
<arg>30s</arg>
<doc>Waits until element specified with `locator` appears on current page.</doc>
<msg timestamp="20230120 17:41:05.778" level="INFO">xpath criteria: //*[@text='Dismiss']
xpath criteria: //*[@text='Dismiss']</msg>
<status status="PASS" starttime="20230120 17:41:03.001" endtime="20230120 17:41:05.779"/>
</kw>
<kw name="Click Element" library="AppiumLibrary">
<arg>xpath=//*[@text='Dismiss']</arg>
<doc>Click element identified by `locator`.</doc>
<msg timestamp="20230120 17:41:05.781" level="INFO">Clicking element 'xpath=//*[@text='Dismiss']'.</msg>
<msg timestamp="20230120 17:41:05.873" level="INFO">xpath criteria: //*[@text='Dismiss']</msg>
<status status="PASS" starttime="20230120 17:41:05.780" endtime="20230120 17:41:05.873"/>
</kw>
<kw name="Wait Until Page Contains Element" library="AppiumLibrary">
<arg>xpath=//*[@text='Sign in']</arg>
<arg>30s</arg>
<doc>Waits until element specified with `locator` appears on current page.</doc>
<msg timestamp="20230120 17:41:07.028" level="INFO">xpath criteria: //*[@text='Sign in']
xpath criteria: //*[@text='Sign in']</msg>
<status status="PASS" starttime="20230120 17:41:05.873" endtime="20230120 17:41:07.028"/>
</kw>
<kw name="Click Element" library="AppiumLibrary">
<arg>xpath=//*[@text='Sign in']</arg>
<doc>Click element identified by `locator`.</doc>
<msg timestamp="20230120 17:41:07.028" level="INFO">Clicking element 'xpath=//*[@text='Sign in']'.</msg>
<msg timestamp="20230120 17:41:07.156" level="INFO">xpath criteria: //*[@text='Sign in']</msg>
<status status="PASS" starttime="20230120 17:41:07.028" endtime="20230120 17:41:07.156"/>
</kw>
<kw name="Sleep" library="BuiltIn">
<arg>15s</arg>
<doc>Pauses the test executed for the given time.</doc>
<msg timestamp="20230120 17:41:22.159" level="INFO">Slept 15 seconds</msg>
<status status="PASS" starttime="20230120 17:41:07.156" endtime="20230120 17:41:22.159"/>
</kw>
<kw name="Close Application" library="AppiumLibrary">
<doc>Closes the current application and also close webdriver session.</doc>
<status status="PASS" starttime="20230120 17:41:22.159" endtime="20230120 17:41:22.661"/>
</kw>
<status status="PASS" starttime="20230120 17:40:51.640" endtime="20230120 17:41:22.662"/>
</test>
<status status="PASS" starttime="20230120 17:40:51.228" endtime="20230120 17:41:22.663"/>
</suite>
<statistics>
<total>
<stat pass="1" fail="0" skip="0">All Tests</stat>
</total>
<tag>
</tag>
<suite>
<stat pass="1" fail="0" skip="0" id="s1" name="Demo1 App Launch">Demo1 App Launch</stat>
</suite>
</statistics>
<errors>
</errors>
</robot>
