<?xml version="1.0" encoding="UTF-8"?>
<robot generator="Robot 6.0.2 (Python 3.10.4 on win32)" generated="20230124 17:06:35.898" rpa="false" schemaversion="3">
<suite id="s1" name="Demo1" source="C:\robot_project\selenium_suite\demo1.robot">
<test id="s1-t1" name="TC6" line="34">
<kw name="Open Browser" library="SeleniumLibrary">
<arg>browser=chrome</arg>
<doc>Opens a new browser instance to the optional ``url``.</doc>
<msg timestamp="20230124 17:06:36.527" level="INFO">Opening browser 'chrome' to base url 'None'.</msg>
<status status="PASS" starttime="20230124 17:06:36.527" endtime="20230124 17:06:39.052"/>
</kw>
<kw name="Run Keyword And Ignore Error" library="BuiltIn">
<var>@{output}</var>
<arg>Click Element</arg>
<arg>xpath=//a</arg>
<doc>Runs the given keyword with the given arguments and ignores possible error.</doc>
<kw name="Click Element" library="SeleniumLibrary">
<arg>xpath=//a</arg>
<doc>Click the element identified by ``locator``.</doc>
<msg timestamp="20230124 17:06:39.057" level="INFO">Clicking element 'xpath=//a'.</msg>
<msg timestamp="20230124 17:06:39.303" level="INFO" html="true">&lt;/td&gt;&lt;/tr&gt;&lt;tr&gt;&lt;td colspan="3"&gt;&lt;a href="selenium-screenshot-120.png"&gt;&lt;img src="selenium-screenshot-120.png" width="800px"&gt;&lt;/a&gt;</msg>
<msg timestamp="20230124 17:06:39.304" level="FAIL">Element with locator 'xpath=//a' not found.</msg>
<status status="FAIL" starttime="20230124 17:06:39.056" endtime="20230124 17:06:39.313"/>
</kw>
<msg timestamp="20230124 17:06:39.313" level="INFO">@{output} = [ FAIL | Element with locator 'xpath=//a' not found. ]</msg>
<status status="PASS" starttime="20230124 17:06:39.053" endtime="20230124 17:06:39.313"/>
</kw>
<kw name="Log To Console" library="BuiltIn">
<arg>${output}</arg>
<doc>Logs the given message to the console.</doc>
<status status="PASS" starttime="20230124 17:06:39.313" endtime="20230124 17:06:39.315"/>
</kw>
<kw name="Log To Console" library="BuiltIn">
<arg>${output}[0]</arg>
<doc>Logs the given message to the console.</doc>
<status status="PASS" starttime="20230124 17:06:39.315" endtime="20230124 17:06:39.317"/>
</kw>
<kw name="Log To Console" library="BuiltIn">
<arg>${output}[1]</arg>
<doc>Logs the given message to the console.</doc>
<status status="PASS" starttime="20230124 17:06:39.317" endtime="20230124 17:06:39.318"/>
</kw>
<kw name="Log" library="BuiltIn">
<arg>${output}</arg>
<doc>Logs the given message with the given level.</doc>
<msg timestamp="20230124 17:06:39.319" level="INFO">['FAIL', "Element with locator 'xpath=//a' not found."]</msg>
<status status="PASS" starttime="20230124 17:06:39.319" endtime="20230124 17:06:39.320"/>
</kw>
<status status="PASS" starttime="20230124 17:06:36.525" endtime="20230124 17:06:39.320"/>
</test>
<status status="PASS" starttime="20230124 17:06:35.910" endtime="20230124 17:06:39.321"/>
</suite>
<statistics>
<total>
<stat pass="1" fail="0" skip="0">All Tests</stat>
</total>
<tag>
</tag>
<suite>
<stat pass="1" fail="0" skip="0" id="s1" name="Demo1">Demo1</stat>
</suite>
</statistics>
<errors>
</errors>
</robot>
