<?xml version="1.0" encoding="UTF-8"?>
<robot generator="Robot 6.0.2 (Python 3.10.4 on win32)" generated="20230119 11:15:00.787" rpa="false" schemaversion="3">
<suite id="s1" name="Demo11 Advance" source="C:\robot_project\selenium_suite\demo11_advance.robot">
<test id="s1-t1" name="TC3" line="21">
<kw name="Open Browser" library="SeleniumLibrary">
<arg>browser=chrome</arg>
<doc>Opens a new browser instance to the optional ``url``.</doc>
<msg timestamp="20230119 11:15:01.087" level="INFO">Opening browser 'chrome' to base url 'None'.</msg>
<status status="PASS" starttime="20230119 11:15:01.087" endtime="20230119 11:15:03.072"/>
</kw>
<kw name="Maximize Browser Window" library="SeleniumLibrary">
<doc>Maximizes current browser window.</doc>
<status status="PASS" starttime="20230119 11:15:03.072" endtime="20230119 11:15:03.203"/>
</kw>
<kw name="Set Browser Implicit Wait" library="SeleniumLibrary">
<arg>10s</arg>
<doc>Sets the implicit wait value used by Selenium.</doc>
<status status="PASS" starttime="20230119 11:15:03.203" endtime="20230119 11:15:03.206"/>
</kw>
<kw name="Go To" library="SeleniumLibrary">
<arg>url=https://redbus.in</arg>
<doc>Navigates the current browser window to the provided ``url``.</doc>
<msg timestamp="20230119 11:15:03.207" level="INFO">Opening url 'https://redbus.in'</msg>
<status status="PASS" starttime="20230119 11:15:03.207" endtime="20230119 11:15:27.341"/>
</kw>
<status status="PASS" starttime="20230119 11:15:01.072" endtime="20230119 11:15:27.341"/>
</test>
<status status="PASS" starttime="20230119 11:15:00.791" endtime="20230119 11:15:27.341"/>
</suite>
<statistics>
<total>
<stat pass="1" fail="0" skip="0">All Tests</stat>
</total>
<tag>
</tag>
<suite>
<stat pass="1" fail="0" skip="0" id="s1" name="Demo11 Advance">Demo11 Advance</stat>
</suite>
</statistics>
<errors>
</errors>
</robot>
