<?xml version="1.0" encoding="UTF-8"?>
<robot generator="Robot 6.0.2 (Python 3.10.4 on win32)" generated="20230119 14:16:35.984" rpa="false" schemaversion="3">
<suite id="s1" name="Demo3" source="C:\robot_project\robot_suite\demo3.robot">
<test id="s1-t1" name="TC10" line="58">
<kw name="Create Dictionary" library="BuiltIn">
<var>&amp;{emp_dict}</var>
<arg>emp_id=202</arg>
<arg>emp_name=Surya</arg>
<arg>role=AE</arg>
<doc>Creates and returns a dictionary based on the given ``items``.</doc>
<msg timestamp="20230119 14:16:36.037" level="INFO">&amp;{emp_dict} = { emp_id=202 | emp_name=Surya | role=AE }</msg>
<status status="PASS" starttime="20230119 14:16:36.037" endtime="20230119 14:16:36.048"/>
</kw>
<kw name="Log To Console" library="BuiltIn">
<arg>${emp_dict}[emp_id]</arg>
<doc>Logs the given message to the console.</doc>
<status status="PASS" starttime="20230119 14:16:36.049" endtime="20230119 14:16:36.049"/>
</kw>
<status status="PASS" starttime="20230119 14:16:36.037" endtime="20230119 14:16:36.050"/>
</test>
<status status="PASS" starttime="20230119 14:16:35.993" endtime="20230119 14:16:36.051"/>
</suite>
<statistics>
<total>
<stat pass="1" fail="0" skip="0">All Tests</stat>
</total>
<tag>
</tag>
<suite>
<stat pass="1" fail="0" skip="0" id="s1" name="Demo3">Demo3</stat>
</suite>
</statistics>
<errors>
</errors>
</robot>
