<?xml version="1.0" encoding="UTF-8"?>
<robot generator="Robot 6.0.2 (Python 3.10.4 on win32)" generated="20230123 17:30:27.265" rpa="false" schemaversion="3">
<suite id="s1" name="Demo12 Open  Emr" source="C:\robot_project\selenium_suite\demo12_open _emr.robot">
<test id="s1-t1" name="TC1" line="5">
<kw name="Open Browser" library="SeleniumLibrary">
<arg>browser=chrome</arg>
<doc>Opens a new browser instance to the optional ``url``.</doc>
<msg timestamp="20230123 17:30:27.672" level="INFO">Opening browser 'chrome' to base url 'None'.</msg>
<status status="PASS" starttime="20230123 17:30:27.672" endtime="20230123 17:30:29.624"/>
</kw>
<kw name="Maximize Browser Window" library="SeleniumLibrary">
<doc>Maximizes current browser window.</doc>
<status status="PASS" starttime="20230123 17:30:29.626" endtime="20230123 17:30:29.780"/>
</kw>
<kw name="Set Selenium Implicit Wait" library="SeleniumLibrary">
<arg>30s</arg>
<doc>Sets the implicit wait value used by Selenium.</doc>
<status status="PASS" starttime="20230123 17:30:29.780" endtime="20230123 17:30:29.823"/>
</kw>
<kw name="Go To" library="SeleniumLibrary">
<arg>url=http://demo.openemr.io/b/openemr/</arg>
<doc>Navigates the current browser window to the provided ``url``.</doc>
<msg timestamp="20230123 17:30:29.824" level="INFO">Opening url 'http://demo.openemr.io/b/openemr/'</msg>
<status status="PASS" starttime="20230123 17:30:29.824" endtime="20230123 17:30:35.742"/>
</kw>
<kw name="Input Text" library="SeleniumLibrary">
<arg>id=authUser</arg>
<arg>admin</arg>
<doc>Types the given ``text`` into the text field identified by ``locator``.</doc>
<msg timestamp="20230123 17:30:35.743" level="INFO">Typing text 'admin' into text field 'id=authUser'.</msg>
<status status="PASS" starttime="20230123 17:30:35.743" endtime="20230123 17:30:35.868"/>
</kw>
<kw name="Input Password" library="SeleniumLibrary">
<arg>id=clearPass</arg>
<arg>pass</arg>
<doc>Types the given password into the text field identified by ``locator``.</doc>
<msg timestamp="20230123 17:30:35.868" level="INFO">Typing password into text field 'id=clearPass'.</msg>
<msg timestamp="20230123 17:30:35.917" level="INFO">Temporally setting log level to: NONE</msg>
<msg timestamp="20230123 17:30:35.986" level="INFO">Log level changed from NONE to INFO.</msg>
<status status="PASS" starttime="20230123 17:30:35.868" endtime="20230123 17:30:35.987"/>
</kw>
<kw name="Click Element" library="SeleniumLibrary">
<arg>class=form-control</arg>
<doc>Click the element identified by ``locator``.</doc>
<msg timestamp="20230123 17:30:35.987" level="INFO">Clicking element 'class=form-control'.</msg>
<status status="PASS" starttime="20230123 17:30:35.987" endtime="20230123 17:30:36.059"/>
</kw>
<kw name="Select From List By Label" library="SeleniumLibrary">
<arg>xpath=//select[@class='form-control']</arg>
<arg>English (Indian)</arg>
<doc>Selects options from selection list ``locator`` by ``labels``.</doc>
<msg timestamp="20230123 17:30:36.059" level="INFO">Selecting options from selection list 'xpath=//select[@class='form-control']' by label English (Indian).</msg>
<status status="PASS" starttime="20230123 17:30:36.059" endtime="20230123 17:30:36.181"/>
</kw>
<kw name="Click Element" library="SeleniumLibrary">
<arg>id=login-button</arg>
<doc>Click the element identified by ``locator``.</doc>
<msg timestamp="20230123 17:30:36.183" level="INFO">Clicking element 'id=login-button'.</msg>
<status status="PASS" starttime="20230123 17:30:36.181" endtime="20230123 17:30:41.268"/>
</kw>
<kw name="Click Element" library="SeleniumLibrary">
<arg>xpath=//div[text()='Patient']</arg>
<doc>Click the element identified by ``locator``.</doc>
<msg timestamp="20230123 17:30:41.269" level="INFO">Clicking element 'xpath=//div[text()='Patient']'.</msg>
<status status="PASS" starttime="20230123 17:30:41.269" endtime="20230123 17:30:41.342"/>
</kw>
<status status="PASS" starttime="20230123 17:30:27.672" endtime="20230123 17:30:41.342"/>
</test>
<status status="PASS" starttime="20230123 17:30:27.269" endtime="20230123 17:30:41.342"/>
</suite>
<statistics>
<total>
<stat pass="1" fail="0" skip="0">All Tests</stat>
</total>
<tag>
</tag>
<suite>
<stat pass="1" fail="0" skip="0" id="s1" name="Demo12 Open  Emr">Demo12 Open  Emr</stat>
</suite>
</statistics>
<errors>
</errors>
</robot>
